<?xml version="1.0" encoding="UTF-8"?>
<testng-results skipped="0" failed="1" ignored="4" total="8" passed="3">
  <reporter-output>
  </reporter-output>
  <suite name="Suite" duration-ms="13005" started-at="2021-12-25T15:40:25 EET" finished-at="2021-12-25T15:40:38 EET">
    <groups>
    </groups>
    <test name="Test" duration-ms="13005" started-at="2021-12-25T15:40:25 EET" finished-at="2021-12-25T15:40:38 EET">
      <class name="Tests.TestBase">
        <test-method status="PASS" signature="start()[pri:0, instance:Tests.TestBase@73d4cc9e]" name="start" is-config="true" duration-ms="4421" started-at="2021-12-25T15:40:20 EET" finished-at="2021-12-25T15:40:25 EET">
          <reporter-output>
          </reporter-output>
        </test-method> <!-- start -->
        <test-method status="PASS" signature="tearDown()[pri:0, instance:Tests.TestBase@73d4cc9e]" name="tearDown" is-config="true" duration-ms="1420" started-at="2021-12-25T15:40:38 EET" finished-at="2021-12-25T15:40:39 EET">
          <reporter-output>
          </reporter-output>
        </test-method> <!-- tearDown -->
      </class> <!-- Tests.TestBase -->
      <class name="Tests.Task2Test">
        <test-method status="PASS" signature="SetUp(java.lang.reflect.Method)[pri:0, instance:Tests.Task2Test@51b279c9]" name="SetUp" is-config="true" duration-ms="1" started-at="2021-12-25T15:40:29 EET" finished-at="2021-12-25T15:40:29 EET">
          <params>
            <param index="0">
              <value>
                <![CDATA[public void Tests.Task2Test.assertApps()]]>
              </value>
            </param>
          </params>
          <reporter-output>
          </reporter-output>
        </test-method> <!-- SetUp -->
        <test-method status="PASS" signature="assertApps()[pri:0, instance:Tests.Task2Test@51b279c9]" name="assertApps" duration-ms="2385" started-at="2021-12-25T15:40:29 EET" finished-at="2021-12-25T15:40:31 EET">
          <reporter-output>
          </reporter-output>
        </test-method> <!-- assertApps -->
        <test-method status="PASS" signature="results(java.lang.reflect.Method,org.testng.ITestResult)[pri:0, instance:Tests.Task2Test@51b279c9]" name="results" is-config="true" duration-ms="606" started-at="2021-12-25T15:40:31 EET" finished-at="2021-12-25T15:40:32 EET">
          <params>
            <param index="0">
              <value>
                <![CDATA[public void Tests.Task2Test.assertApps()]]>
              </value>
            </param>
            <param index="1">
              <value>
                <![CDATA[[TestResult name=assertApps status=SUCCESS method=Task2Test.assertApps()[pri:0, instance:Tests.Task2Test@51b279c9] output={null}]]]>
              </value>
            </param>
          </params>
          <reporter-output>
          </reporter-output>
        </test-method> <!-- results -->
        <test-method status="PASS" signature="SetUp(java.lang.reflect.Method)[pri:0, instance:Tests.Task2Test@51b279c9]" name="SetUp" is-config="true" duration-ms="0" started-at="2021-12-25T15:40:32 EET" finished-at="2021-12-25T15:40:32 EET">
          <params>
            <param index="0">
              <value>
                <![CDATA[public void Tests.Task2Test.CheckByCurrentCategory()]]>
              </value>
            </param>
          </params>
          <reporter-output>
          </reporter-output>
        </test-method> <!-- SetUp -->
        <test-method status="PASS" signature="CheckByCurrentCategory()[pri:0, instance:Tests.Task2Test@51b279c9]" name="CheckByCurrentCategory" duration-ms="3088" started-at="2021-12-25T15:40:32 EET" depends-on-methods="Tests.Task2Test.assertApps" finished-at="2021-12-25T15:40:35 EET">
          <reporter-output>
          </reporter-output>
        </test-method> <!-- CheckByCurrentCategory -->
        <test-method status="PASS" signature="results(java.lang.reflect.Method,org.testng.ITestResult)[pri:0, instance:Tests.Task2Test@51b279c9]" name="results" is-config="true" duration-ms="385" started-at="2021-12-25T15:40:35 EET" finished-at="2021-12-25T15:40:35 EET">
          <params>
            <param index="0">
              <value>
                <![CDATA[public void Tests.Task2Test.CheckByCurrentCategory()]]>
              </value>
            </param>
            <param index="1">
              <value>
                <![CDATA[[TestResult name=CheckByCurrentCategory status=SUCCESS method=Task2Test.CheckByCurrentCategory()[pri:0, instance:Tests.Task2Test@51b279c9] output={null}]]]>
              </value>
            </param>
          </params>
          <reporter-output>
          </reporter-output>
        </test-method> <!-- results -->
        <test-method status="PASS" signature="SetUp(java.lang.reflect.Method)[pri:0, instance:Tests.Task2Test@51b279c9]" name="SetUp" is-config="true" duration-ms="0" started-at="2021-12-25T15:40:35 EET" finished-at="2021-12-25T15:40:35 EET">
          <params>
            <param index="0">
              <value>
                <![CDATA[public void Tests.Task2Test.CheckByCurrentUrl()]]>
              </value>
            </param>
          </params>
          <reporter-output>
          </reporter-output>
        </test-method> <!-- SetUp -->
        <test-method status="PASS" signature="CheckByCurrentUrl()[pri:0, instance:Tests.Task2Test@51b279c9]" name="CheckByCurrentUrl" duration-ms="2000" started-at="2021-12-25T15:40:35 EET" depends-on-methods="Tests.Task2Test.assertApps" finished-at="2021-12-25T15:40:37 EET">
          <reporter-output>
          </reporter-output>
        </test-method> <!-- CheckByCurrentUrl -->
        <test-method status="PASS" signature="results(java.lang.reflect.Method,org.testng.ITestResult)[pri:0, instance:Tests.Task2Test@51b279c9]" name="results" is-config="true" duration-ms="707" started-at="2021-12-25T15:40:37 EET" finished-at="2021-12-25T15:40:38 EET">
          <params>
            <param index="0">
              <value>
                <![CDATA[public void Tests.Task2Test.CheckByCurrentUrl()]]>
              </value>
            </param>
            <param index="1">
              <value>
                <![CDATA[[TestResult name=CheckByCurrentUrl status=SUCCESS method=Task2Test.CheckByCurrentUrl()[pri:0, instance:Tests.Task2Test@51b279c9] output={null}]]]>
              </value>
            </param>
          </params>
          <reporter-output>
          </reporter-output>
        </test-method> <!-- results -->
      </class> <!-- Tests.Task2Test -->
      <class name="Tests.Task1Test">
        <test-method status="PASS" signature="SetUp(java.lang.reflect.Method)[pri:0, instance:Tests.Task1Test@4b9e255]" name="SetUp" is-config="true" duration-ms="6" started-at="2021-12-25T15:40:25 EET" finished-at="2021-12-25T15:40:25 EET">
          <params>
            <param index="0">
              <value>
                <![CDATA[public void Tests.Task1Test.AssertFirstResult()]]>
              </value>
            </param>
          </params>
          <reporter-output>
          </reporter-output>
        </test-method> <!-- SetUp -->
        <test-method status="FAIL" signature="AssertFirstResult()[pri:0, instance:Tests.Task1Test@4b9e255]" name="AssertFirstResult" duration-ms="3495" started-at="2021-12-25T15:40:25 EET" finished-at="2021-12-25T15:40:28 EET">
          <exception class="java.lang.AssertionError">
            <message>
              <![CDATA[expected [true] but found [false]]]>
            </message>
            <full-stacktrace>
              <![CDATA[java.lang.AssertionError: expected [true] but found [false]
at org.testng.Assert.fail(Assert.java:99)
at org.testng.Assert.failNotEquals(Assert.java:1037)
at org.testng.Assert.assertTrue(Assert.java:45)
at org.testng.Assert.assertTrue(Assert.java:55)
at Tests.Task1Test.AssertFirstResult(Task1Test.java:29)
at sun.reflect.NativeMethodAccessorImpl.invoke0(Native Method)
at sun.reflect.NativeMethodAccessorImpl.invoke(NativeMethodAccessorImpl.java:62)
at sun.reflect.DelegatingMethodAccessorImpl.invoke(DelegatingMethodAccessorImpl.java:43)
at java.lang.reflect.Method.invoke(Method.java:498)
at org.testng.internal.MethodInvocationHelper.invokeMethod(MethodInvocationHelper.java:133)
at org.testng.internal.TestInvoker.invokeMethod(TestInvoker.java:598)
at org.testng.internal.TestInvoker.invokeTestMethod(TestInvoker.java:173)
at org.testng.internal.MethodRunner.runInSequence(MethodRunner.java:46)
at org.testng.internal.TestInvoker$MethodInvocationAgent.invoke(TestInvoker.java:824)
at org.testng.internal.TestInvoker.invokeTestMethods(TestInvoker.java:146)
at org.testng.internal.TestMethodWorker.invokeTestMethods(TestMethodWorker.java:146)
at org.testng.internal.TestMethodWorker.run(TestMethodWorker.java:128)
at java.util.ArrayList.forEach(ArrayList.java:1249)
at org.testng.TestRunner.privateRun(TestRunner.java:794)
at org.testng.TestRunner.run(TestRunner.java:596)
at org.testng.SuiteRunner.runTest(SuiteRunner.java:377)
at org.testng.SuiteRunner.runSequentially(SuiteRunner.java:371)
at org.testng.SuiteRunner.privateRun(SuiteRunner.java:332)
at org.testng.SuiteRunner.run(SuiteRunner.java:276)
at org.testng.SuiteRunnerWorker.runSuite(SuiteRunnerWorker.java:53)
at org.testng.SuiteRunnerWorker.run(SuiteRunnerWorker.java:96)
at org.testng.TestNG.runSuitesSequentially(TestNG.java:1212)
at org.testng.TestNG.runSuitesLocally(TestNG.java:1134)
at org.testng.TestNG.runSuites(TestNG.java:1063)
at org.testng.TestNG.run(TestNG.java:1031)
at org.testng.remote.AbstractRemoteTestNG.run(AbstractRemoteTestNG.java:115)
at org.testng.remote.RemoteTestNG.initAndRun(RemoteTestNG.java:251)
at org.testng.remote.RemoteTestNG.main(RemoteTestNG.java:77)
]]>
            </full-stacktrace>
          </exception> <!-- java.lang.AssertionError -->
          <reporter-output>
          </reporter-output>
        </test-method> <!-- AssertFirstResult -->
        <test-method status="PASS" signature="results(java.lang.reflect.Method,org.testng.ITestResult)[pri:0, instance:Tests.Task1Test@4b9e255]" name="results" is-config="true" duration-ms="273" started-at="2021-12-25T15:40:28 EET" finished-at="2021-12-25T15:40:29 EET">
          <params>
            <param index="0">
              <value>
                <![CDATA[public void Tests.Task1Test.AssertFirstResult()]]>
              </value>
            </param>
            <param index="1">
              <value>
                <![CDATA[[TestResult name=AssertFirstResult status=FAILURE method=Task1Test.AssertFirstResult()[pri:0, instance:Tests.Task1Test@4b9e255] output={null}]]]>
              </value>
            </param>
          </params>
          <reporter-output>
          </reporter-output>
        </test-method> <!-- results -->
      </class> <!-- Tests.Task1Test -->
    </test> <!-- Test -->
  </suite> <!-- Suite -->
</testng-results>
